<?xml version="1.0" encoding="UTF-8"?>
<!-- Generated by org.testng.reporters.JUnitReportReporter -->
<testsuite hostname="KOR-C-005TM" failures="0" tests="1" name="com.boschjava.testing_example.AppTest" time="0.004" errors="0" timestamp="2022-12-19T22:54:36 IST" skipped="0">
  <testcase classname="com.boschjava.testing_example.AppTest" name="testApp" time="0.004"/>
  <system-out/>
</testsuite> <!-- com.boschjava.testing_example.AppTest -->
